[C:\Users\jmk\AppData\Roaming\npm\node_modules\web-ext\lib\program.js][info] Version:
[C:\Users\jmk\AppData\Roaming\npm\node_modules\web-ext\lib\program.js][debug] Discovering config files. Set --no-config-discovery to disable
[C:\Users\jmk\AppData\Roaming\npm\node_modules\web-ext\lib\config.js][debug] Discovered config "C:\Users\jmk\.web-ext-config.mjs" does not exist or is not readable
[C:\Users\jmk\AppData\Roaming\npm\node_modules\web-ext\lib\config.js][debug] Discovered config "C:\Users\jmk\.web-ext-config.js" does not exist or is not readable
[C:\Users\jmk\AppData\Roaming\npm\node_modules\web-ext\lib\config.js][debug] Discovered config "D:\personaldata\vibe-coding-projekte\tagesspiegel-extension\web-ext-config.mjs" does not exist or is not readable
[C:\Users\jmk\AppData\Roaming\npm\node_modules\web-ext\lib\config.js][debug] Discovered config "C:\Users\jmk\.web-ext-config.cjs" does not exist or is not readable
[C:\Users\jmk\AppData\Roaming\npm\node_modules\web-ext\lib\config.js][debug] Discovered config "D:\personaldata\vibe-coding-projekte\tagesspiegel-extension\web-ext-config.js" does not exist or is not readable
[C:\Users\jmk\AppData\Roaming\npm\node_modules\web-ext\lib\config.js][debug] Discovered config "D:\personaldata\vibe-coding-projekte\tagesspiegel-extension\.web-ext-config.cjs" does not exist or is not readable
[C:\Users\jmk\AppData\Roaming\npm\node_modules\web-ext\lib\config.js][debug] Discovered config "D:\personaldata\vibe-coding-projekte\tagesspiegel-extension\.web-ext-config.mjs" does not exist or is not readable
[C:\Users\jmk\AppData\Roaming\npm\node_modules\web-ext\lib\config.js][debug] Discovered config "D:\personaldata\vibe-coding-projekte\tagesspiegel-extension\web-ext-config.cjs" does not exist or is not readable
[C:\Users\jmk\AppData\Roaming\npm\node_modules\web-ext\lib\config.js][debug] Discovered config "D:\personaldata\vibe-coding-projekte\tagesspiegel-extension\.web-ext-config.js" does not exist or is not readable
[C:\Users\jmk\AppData\Roaming\npm\node_modules\web-ext\lib\program.js][debug] Applying config file: .\package.json
[C:\Users\jmk\AppData\Roaming\npm\node_modules\web-ext\lib\config.js][debug] Loading JS config file: "D:\personaldata\vibe-coding-projekte\tagesspiegel-extension\package.json" (resolved to "D:\personaldata\vibe-coding-projekte\tagesspiegel-extension\package.json")
[C:\Users\jmk\AppData\Roaming\npm\node_modules\web-ext\lib\config.js][debug] Looking for webExt key inside package.json file
[C:\Users\jmk\AppData\Roaming\npm\node_modules\web-ext\lib\config.js][debug] Config file D:\personaldata\vibe-coding-projekte\tagesspiegel-extension\package.json did not define any options. Did you set module.exports = {...}?
[C:\Users\jmk\AppData\Roaming\npm\node_modules\web-ext\lib\cmd\run.js][info] Running web extension from D:\personaldata\vibe-coding-projekte\tagesspiegel-extension\.build\firefox-android-nightly
[C:\Users\jmk\AppData\Roaming\npm\node_modules\web-ext\lib\util\manifest.js][debug] Validating manifest at D:\personaldata\vibe-coding-projekte\tagesspiegel-extension\.build\firefox-android-nightly\manifest.json
[C:\Users\jmk\AppData\Roaming\npm\node_modules\web-ext\lib\extension-runners\firefox-android.js][debug] Listing android devices
[C:\Users\jmk\AppData\Roaming\npm\node_modules\web-ext\lib\util\adb.js][debug] Listing android devices
[C:\Users\jmk\AppData\Roaming\npm\node_modules\web-ext\lib\extension-runners\firefox-android.js][info] Selected ADB device: 35bce1c0
[C:\Users\jmk\AppData\Roaming\npm\node_modules\web-ext\lib\util\adb.js][debug] Retrieving  current user on 35bce1c0
[C:\Users\jmk\AppData\Roaming\npm\node_modules\web-ext\lib\util\adb.js][debug] Run adb shell command on 35bce1c0: ["am","get-current-user"]
[C:\Users\jmk\AppData\Roaming\npm\node_modules\web-ext\lib\util\adb.js][debug] Listing installed Firefox APKs on 35bce1c0
[C:\Users\jmk\AppData\Roaming\npm\node_modules\web-ext\lib\util\adb.js][debug] Run adb shell command on 35bce1c0: ["pm","list","packages","--user","0"]
[C:\Users\jmk\AppData\Roaming\npm\node_modules\web-ext\lib\extension-runners\firefox-android.js][debug] Selected Firefox for Android APK: org.mozilla.fenix
[C:\Users\jmk\AppData\Roaming\npm\node_modules\web-ext\lib\extension-runners\firefox-android.js][info] Stopping existing instances of org.mozilla.fenix...
[C:\Users\jmk\AppData\Roaming\npm\node_modules\web-ext\lib\util\adb.js][debug] Run adb shell command on 35bce1c0: ["am","force-stop","org.mozilla.fenix"]
[C:\Users\jmk\AppData\Roaming\npm\node_modules\web-ext\lib\extension-runners\firefox-android.js][debug] Preparing a temporary profile for org.mozilla.fenix...
[C:\Users\jmk\AppData\Roaming\npm\node_modules\web-ext\lib\util\adb.js][debug] Checking adb device for existing web-ext artifacts dirs
(node:28760) [DEP0180] DeprecationWarning: fs.Stats constructor is deprecated.
(Use `node --trace-deprecation ...` to show where the warning was created)
[C:\Users\jmk\AppData\Roaming\npm\node_modules\web-ext\lib\extension-runners\firefox-android.js][warn] Old artifacts directories have been found on 35bce1c0 device. Use --adb-remove-old-artifacts to remove them automatically.
[C:\Users\jmk\AppData\Roaming\npm\node_modules\web-ext\lib\util\adb.js][debug] Run adb shell command on 35bce1c0: "test -d /data/local/tmp/web-ext-artifacts-1772050470850 ; echo $?"
[C:\Users\jmk\AppData\Roaming\npm\node_modules\web-ext\lib\util\adb.js][debug] Run adb shell command on 35bce1c0: ["mkdir","-p","/data/local/tmp/web-ext-artifacts-1772050470850"]
[C:\Users\jmk\AppData\Roaming\npm\node_modules\web-ext\lib\util\adb.js][debug] Run adb shell command on 35bce1c0: ["mkdir","-p","/data/local/tmp/web-ext-artifacts-1772050470850/profile"]
[C:\Users\jmk\AppData\Roaming\npm\node_modules\web-ext\lib\util\adb.js][debug] Pushing C:\Users\jmk\AppData\Local\Temp\firefox-profileTtyx7J\user.js to /data/local/tmp/web-ext-artifacts-1772050470850/profile/user.js on 35bce1c0
[C:\Users\jmk\AppData\Roaming\npm\node_modules\web-ext\lib\extension-runners\firefox-android.js][debug] Created temporary profile at /data/local/tmp/web-ext-artifacts-1772050470850/profile.
[C:\Users\jmk\AppData\Roaming\npm\node_modules\web-ext\lib\extension-runners\firefox-android.js][info] Starting org.mozilla.fenix...
[C:\Users\jmk\AppData\Roaming\npm\node_modules\web-ext\lib\extension-runners\firefox-android.js][debug] Using profile /data/local/tmp/web-ext-artifacts-1772050470850/profile (ignored by Fenix)
[C:\Users\jmk\AppData\Roaming\npm\node_modules\web-ext\lib\util\adb.js][debug] Starting org.mozilla.fenix on 35bce1c0
[C:\Users\jmk\AppData\Roaming\npm\node_modules\web-ext\lib\util\adb.js][info] Waiting for org.mozilla.fenix Remote Debugging Server...
Make sure to enable "Remote Debugging via USB" from Settings -> Developer Tools if it is not yet enabled.
[C:\Users\jmk\AppData\Roaming\npm\node_modules\web-ext\lib\util\adb.js][debug] Run adb shell command on 35bce1c0: ["cat","/proc/net/unix"]
[C:\Users\jmk\AppData\Roaming\npm\node_modules\web-ext\lib\util\temp-dir.js][debug] Created temporary directory: C:\Users\jmk\AppData\Local\Temp\tmp-web-ext--28760-sD9Hg1a1RWJb
[C:\Users\jmk\AppData\Roaming\npm\node_modules\web-ext\lib\util\file-filter.js][debug] Resolved path **/*.xpi with sourceDir D:\personaldata\vibe-coding-projekte\tagesspiegel-extension\.build\firefox-android-nightly to D:\personaldata\vibe-coding-projekte\tagesspiegel-extension\.build\firefox-android-nightly\**\*.xpi
[C:\Users\jmk\AppData\Roaming\npm\node_modules\web-ext\lib\util\file-filter.js][debug] Resolved path **/*.zip with sourceDir D:\personaldata\vibe-coding-projekte\tagesspiegel-extension\.build\firefox-android-nightly to D:\personaldata\vibe-coding-projekte\tagesspiegel-extension\.build\firefox-android-nightly\**\*.zip
[C:\Users\jmk\AppData\Roaming\npm\node_modules\web-ext\lib\util\file-filter.js][debug] Resolved path **/.* with sourceDir D:\personaldata\vibe-coding-projekte\tagesspiegel-extension\.build\firefox-android-nightly to D:\personaldata\vibe-coding-projekte\tagesspiegel-extension\.build\firefox-android-nightly\**\.*
[C:\Users\jmk\AppData\Roaming\npm\node_modules\web-ext\lib\util\file-filter.js][debug] Resolved path **/.*/**/* with sourceDir D:\personaldata\vibe-coding-projekte\tagesspiegel-extension\.build\firefox-android-nightly to D:\personaldata\vibe-coding-projekte\tagesspiegel-extension\.build\firefox-android-nightly\**\.*\**\*
[C:\Users\jmk\AppData\Roaming\npm\node_modules\web-ext\lib\util\file-filter.js][debug] Resolved path **/node_modules with sourceDir D:\personaldata\vibe-coding-projekte\tagesspiegel-extension\.build\firefox-android-nightly to D:\personaldata\vibe-coding-projekte\tagesspiegel-extension\.build\firefox-android-nightly\**\node_modules
[C:\Users\jmk\AppData\Roaming\npm\node_modules\web-ext\lib\util\file-filter.js][debug] Resolved path **/node_modules/**/* with sourceDir D:\personaldata\vibe-coding-projekte\tagesspiegel-extension\.build\firefox-android-nightly to D:\personaldata\vibe-coding-projekte\tagesspiegel-extension\.build\firefox-android-nightly\**\node_modules\**\*
[C:\Users\jmk\AppData\Roaming\npm\node_modules\web-ext\lib\util\file-filter.js][debug] Ignoring artifacts directory "C:\Users\jmk\AppData\Local\Temp\tmp-web-ext--28760-sD9Hg1a1RWJb" and all its subdirectories
[C:\Users\jmk\AppData\Roaming\npm\node_modules\web-ext\lib\util\file-filter.js][debug] Resolved path C:\Users\jmk\AppData\Local\Temp\tmp-web-ext--28760-sD9Hg1a1RWJb with sourceDir D:\personaldata\vibe-coding-projekte\tagesspiegel-extension\.build\firefox-android-nightly to C:\Users\jmk\AppData\Local\Temp\tmp-web-ext--28760-sD9Hg1a1RWJb
[C:\Users\jmk\AppData\Roaming\npm\node_modules\web-ext\lib\util\file-filter.js][debug] Resolved path C:\Users\jmk\AppData\Local\Temp\tmp-web-ext--28760-sD9Hg1a1RWJb\**\* with sourceDir D:\personaldata\vibe-coding-projekte\tagesspiegel-extension\.build\firefox-android-nightly to C:\Users\jmk\AppData\Local\Temp\tmp-web-ext--28760-sD9Hg1a1RWJb\**\*
[C:\Users\jmk\AppData\Roaming\npm\node_modules\web-ext\lib\cmd\build.js][info] Building web extension from D:\personaldata\vibe-coding-projekte\tagesspiegel-extension\.build\firefox-android-nightly
[C:\Users\jmk\AppData\Roaming\npm\node_modules\web-ext\lib\util\manifest.js][debug] Validating manifest at D:\personaldata\vibe-coding-projekte\tagesspiegel-extension\.build\firefox-android-nightly\manifest.json
[C:\Users\jmk\AppData\Roaming\npm\node_modules\web-ext\lib\util\file-filter.js][debug] Resolved path D:\personaldata\vibe-coding-projekte\tagesspiegel-extension\.build\firefox-android-nightly\content with sourceDir D:\personaldata\vibe-coding-projekte\tagesspiegel-extension\.build\firefox-android-nightly to D:\personaldata\vibe-coding-projekte\tagesspiegel-extension\.build\firefox-android-nightly\content
[C:\Users\jmk\AppData\Roaming\npm\node_modules\web-ext\lib\util\file-filter.js][debug] Resolved path D:\personaldata\vibe-coding-projekte\tagesspiegel-extension\.build\firefox-android-nightly\background with sourceDir D:\personaldata\vibe-coding-projekte\tagesspiegel-extension\.build\firefox-android-nightly to D:\personaldata\vibe-coding-projekte\tagesspiegel-extension\.build\firefox-android-nightly\background
[C:\Users\jmk\AppData\Roaming\npm\node_modules\web-ext\lib\util\file-filter.js][debug] Resolved path D:\personaldata\vibe-coding-projekte\tagesspiegel-extension\.build\firefox-android-nightly\manifest.json with sourceDir D:\personaldata\vibe-coding-projekte\tagesspiegel-extension\.build\firefox-android-nightly to D:\personaldata\vibe-coding-projekte\tagesspiegel-extension\.build\firefox-android-nightly\manifest.json
[C:\Users\jmk\AppData\Roaming\npm\node_modules\web-ext\lib\util\file-filter.js][debug] Resolved path D:\personaldata\vibe-coding-projekte\tagesspiegel-extension\.build\firefox-android-nightly\popup with sourceDir D:\personaldata\vibe-coding-projekte\tagesspiegel-extension\.build\firefox-android-nightly to D:\personaldata\vibe-coding-projekte\tagesspiegel-extension\.build\firefox-android-nightly\popup
[C:\Users\jmk\AppData\Roaming\npm\node_modules\web-ext\lib\util\file-filter.js][debug] Resolved path D:\personaldata\vibe-coding-projekte\tagesspiegel-extension\.build\firefox-android-nightly\icons with sourceDir D:\personaldata\vibe-coding-projekte\tagesspiegel-extension\.build\firefox-android-nightly to D:\personaldata\vibe-coding-projekte\tagesspiegel-extension\.build\firefox-android-nightly\icons
[C:\Users\jmk\AppData\Roaming\npm\node_modules\web-ext\lib\util\file-filter.js][debug] Resolved path D:\personaldata\vibe-coding-projekte\tagesspiegel-extension\.build\firefox-android-nightly\content\styles.css with sourceDir D:\personaldata\vibe-coding-projekte\tagesspiegel-extension\.build\firefox-android-nightly to D:\personaldata\vibe-coding-projekte\tagesspiegel-extension\.build\firefox-android-nightly\content\styles.css
[C:\Users\jmk\AppData\Roaming\npm\node_modules\web-ext\lib\util\file-filter.js][debug] Resolved path D:\personaldata\vibe-coding-projekte\tagesspiegel-extension\.build\firefox-android-nightly\content\content.js with sourceDir D:\personaldata\vibe-coding-projekte\tagesspiegel-extension\.build\firefox-android-nightly to D:\personaldata\vibe-coding-projekte\tagesspiegel-extension\.build\firefox-android-nightly\content\content.js
[C:\Users\jmk\AppData\Roaming\npm\node_modules\web-ext\lib\util\file-filter.js][debug] Resolved path D:\personaldata\vibe-coding-projekte\tagesspiegel-extension\.build\firefox-android-nightly\popup\popup.js with sourceDir D:\personaldata\vibe-coding-projekte\tagesspiegel-extension\.build\firefox-android-nightly to D:\personaldata\vibe-coding-projekte\tagesspiegel-extension\.build\firefox-android-nightly\popup\popup.js
[C:\Users\jmk\AppData\Roaming\npm\node_modules\web-ext\lib\util\file-filter.js][debug] Resolved path D:\personaldata\vibe-coding-projekte\tagesspiegel-extension\.build\firefox-android-nightly\popup\popup.html with sourceDir D:\personaldata\vibe-coding-projekte\tagesspiegel-extension\.build\firefox-android-nightly to D:\personaldata\vibe-coding-projekte\tagesspiegel-extension\.build\firefox-android-nightly\popup\popup.html
[C:\Users\jmk\AppData\Roaming\npm\node_modules\web-ext\lib\util\file-filter.js][debug] Resolved path D:\personaldata\vibe-coding-projekte\tagesspiegel-extension\.build\firefox-android-nightly\popup\popup.css with sourceDir D:\personaldata\vibe-coding-projekte\tagesspiegel-extension\.build\firefox-android-nightly to D:\personaldata\vibe-coding-projekte\tagesspiegel-extension\.build\firefox-android-nightly\popup\popup.css
[C:\Users\jmk\AppData\Roaming\npm\node_modules\web-ext\lib\util\file-filter.js][debug] Resolved path D:\personaldata\vibe-coding-projekte\tagesspiegel-extension\.build\firefox-android-nightly\icons\icon-48.html with sourceDir D:\personaldata\vibe-coding-projekte\tagesspiegel-extension\.build\firefox-android-nightly to D:\personaldata\vibe-coding-projekte\tagesspiegel-extension\.build\firefox-android-nightly\icons\icon-48.html
[C:\Users\jmk\AppData\Roaming\npm\node_modules\web-ext\lib\util\file-filter.js][debug] Resolved path D:\personaldata\vibe-coding-projekte\tagesspiegel-extension\.build\firefox-android-nightly\icons\icon-48.png with sourceDir D:\personaldata\vibe-coding-projekte\tagesspiegel-extension\.build\firefox-android-nightly to D:\personaldata\vibe-coding-projekte\tagesspiegel-extension\.build\firefox-android-nightly\icons\icon-48.png
[C:\Users\jmk\AppData\Roaming\npm\node_modules\web-ext\lib\util\file-filter.js][debug] Resolved path D:\personaldata\vibe-coding-projekte\tagesspiegel-extension\.build\firefox-android-nightly\icons\icon-96.html with sourceDir D:\personaldata\vibe-coding-projekte\tagesspiegel-extension\.build\firefox-android-nightly to D:\personaldata\vibe-coding-projekte\tagesspiegel-extension\.build\firefox-android-nightly\icons\icon-96.html
[C:\Users\jmk\AppData\Roaming\npm\node_modules\web-ext\lib\util\file-filter.js][debug] Resolved path D:\personaldata\vibe-coding-projekte\tagesspiegel-extension\.build\firefox-android-nightly\icons\icon-48.svg with sourceDir D:\personaldata\vibe-coding-projekte\tagesspiegel-extension\.build\firefox-android-nightly to D:\personaldata\vibe-coding-projekte\tagesspiegel-extension\.build\firefox-android-nightly\icons\icon-48.svg
[C:\Users\jmk\AppData\Roaming\npm\node_modules\web-ext\lib\util\file-filter.js][debug] Resolved path D:\personaldata\vibe-coding-projekte\tagesspiegel-extension\.build\firefox-android-nightly\icons\icon-96.svg with sourceDir D:\personaldata\vibe-coding-projekte\tagesspiegel-extension\.build\firefox-android-nightly to D:\personaldata\vibe-coding-projekte\tagesspiegel-extension\.build\firefox-android-nightly\icons\icon-96.svg
[C:\Users\jmk\AppData\Roaming\npm\node_modules\web-ext\lib\util\file-filter.js][debug] Resolved path D:\personaldata\vibe-coding-projekte\tagesspiegel-extension\.build\firefox-android-nightly\icons\icon-96.png with sourceDir D:\personaldata\vibe-coding-projekte\tagesspiegel-extension\.build\firefox-android-nightly to D:\personaldata\vibe-coding-projekte\tagesspiegel-extension\.build\firefox-android-nightly\icons\icon-96.png
[C:\Users\jmk\AppData\Roaming\npm\node_modules\web-ext\lib\extension-runners\firefox-android.js][debug] Uploading tagesspiegel_customizer-1.0.0 on the android device
[C:\Users\jmk\AppData\Roaming\npm\node_modules\web-ext\lib\util\adb.js][debug] Pushing C:\Users\jmk\AppData\Local\Temp\tmp-web-ext--28760-sD9Hg1a1RWJb\tagesspiegel_customizer-1.0.0.zip to /data/local/tmp/web-ext-artifacts-1772050470850/tagesspiegel_customizer-1.0.0.xpi on 35bce1c0
[C:\Users\jmk\AppData\Roaming\npm\node_modules\web-ext\lib\extension-runners\firefox-android.js][debug] Upload completed: /data/local/tmp/web-ext-artifacts-1772050470850/tagesspiegel_customizer-1.0.0.xpi
[C:\Users\jmk\AppData\Roaming\npm\node_modules\web-ext\lib\util\temp-dir.js][debug] Removing temporary directory: C:\Users\jmk\AppData\Local\Temp\tmp-web-ext--28760-sD9Hg1a1RWJb
[C:\Users\jmk\AppData\Roaming\npm\node_modules\web-ext\lib\util\adb.js][info] Waiting for org.mozilla.fenix Remote Debugging Server...
Make sure to enable "Remote Debugging via USB" from Settings -> Developer Tools if it is not yet enabled.
[C:\Users\jmk\AppData\Roaming\npm\node_modules\web-ext\lib\util\adb.js][debug] Run adb shell command on 35bce1c0: ["cat","/proc/net/unix"]
[C:\Users\jmk\AppData\Roaming\npm\node_modules\web-ext\lib\extension-runners\firefox-android.js][debug] RDP Socket File selected: @org.mozilla.fenix/firefox-debugger-socket
[C:\Users\jmk\AppData\Roaming\npm\node_modules\web-ext\lib\extension-runners\firefox-android.js][info] You can connect to this Android device on TCP port 50166
[C:\Users\jmk\AppData\Roaming\npm\node_modules\web-ext\lib\util\adb.js][debug] Configuring ADB forward for 35bce1c0: localabstract:org.mozilla.fenix/firefox-debugger-socket -> tcp:50166
[C:\Users\jmk\AppData\Roaming\npm\node_modules\web-ext\lib\firefox\remote.js][debug] Connecting to the remote Firefox debugger
[C:\Users\jmk\AppData\Roaming\npm\node_modules\web-ext\lib\firefox\remote.js][debug] Connecting to Firefox on port 50166
[C:\Users\jmk\AppData\Roaming\npm\node_modules\web-ext\lib\firefox\remote.js][debug] Connected to the remote Firefox debugger on port 50166
[C:\Users\jmk\AppData\Roaming\npm\node_modules\web-ext\lib\firefox\remote.js][debug] installTemporaryAddon: {"addon":{"id":"tagesspiegel-customizer@localhost","actor":false},"from":"server0.conn0.addonsActor2"}
[C:\Users\jmk\AppData\Roaming\npm\node_modules\web-ext\lib\firefox\remote.js][info] Installed /data/local/tmp/web-ext-artifacts-1772050470850/tagesspiegel_customizer-1.0.0.xpi as a temporary add-on
[C:\Users\jmk\AppData\Roaming\npm\node_modules\web-ext\lib\cmd\run.js][info] The extension will reload if any source file changes
[C:\Users\jmk\AppData\Roaming\npm\node_modules\web-ext\lib\extension-runners\index.js][debug] Input has been disabled because of noInput==true
[C:\Users\jmk\AppData\Roaming\npm\node_modules\web-ext\lib\util\file-filter.js][debug] Resolved path **/*.xpi with sourceDir D:\personaldata\vibe-coding-projekte\tagesspiegel-extension\.build\firefox-android-nightly to D:\personaldata\vibe-coding-projekte\tagesspiegel-extension\.build\firefox-android-nightly\**\*.xpi
[C:\Users\jmk\AppData\Roaming\npm\node_modules\web-ext\lib\util\file-filter.js][debug] Resolved path **/*.zip with sourceDir D:\personaldata\vibe-coding-projekte\tagesspiegel-extension\.build\firefox-android-nightly to D:\personaldata\vibe-coding-projekte\tagesspiegel-extension\.build\firefox-android-nightly\**\*.zip
[C:\Users\jmk\AppData\Roaming\npm\node_modules\web-ext\lib\util\file-filter.js][debug] Resolved path **/.* with sourceDir D:\personaldata\vibe-coding-projekte\tagesspiegel-extension\.build\firefox-android-nightly to D:\personaldata\vibe-coding-projekte\tagesspiegel-extension\.build\firefox-android-nightly\**\.*
[C:\Users\jmk\AppData\Roaming\npm\node_modules\web-ext\lib\util\file-filter.js][debug] Resolved path **/.*/**/* with sourceDir D:\personaldata\vibe-coding-projekte\tagesspiegel-extension\.build\firefox-android-nightly to D:\personaldata\vibe-coding-projekte\tagesspiegel-extension\.build\firefox-android-nightly\**\.*\**\*
[C:\Users\jmk\AppData\Roaming\npm\node_modules\web-ext\lib\util\file-filter.js][debug] Resolved path **/node_modules with sourceDir D:\personaldata\vibe-coding-projekte\tagesspiegel-extension\.build\firefox-android-nightly to D:\personaldata\vibe-coding-projekte\tagesspiegel-extension\.build\firefox-android-nightly\**\node_modules
[C:\Users\jmk\AppData\Roaming\npm\node_modules\web-ext\lib\util\file-filter.js][debug] Resolved path **/node_modules/**/* with sourceDir D:\personaldata\vibe-coding-projekte\tagesspiegel-extension\.build\firefox-android-nightly to D:\personaldata\vibe-coding-projekte\tagesspiegel-extension\.build\firefox-android-nightly\**\node_modules\**\*
[C:\Users\jmk\AppData\Roaming\npm\node_modules\web-ext\lib\watcher.js][debug] Watching D:\personaldata\vibe-coding-projekte\tagesspiegel-extension\.build\firefox-android-nightly for changes
